  gl_utils.cpp
C:\Users\I508464\source\repos\M5 colisão Rafael Brustolin e Gabriel Hoffmann\M5 colisão Rafael Brustolin e Gabriel Hoffmann\gl_utils.cpp(173,26): warning C4267: '+=': conversion from 'size_t' to 'int', possible loss of data
  Layer.cpp
  Source.cpp
C:\Users\I508464\vcpkg\installed\x64-windows\include\glad\glad.h(27,1): fatal  error C1189: #error:  OpenGL header already included, remove this include, glad already provides it
  Sprite.cpp
  stb_image.cpp
C:\Users\I508464\source\repos\M5 colisão Rafael Brustolin e Gabriel Hoffmann\M5 colisão Rafael Brustolin e Gabriel Hoffmann\stb_image.cpp(222,11): warning C4312: 'type cast': conversion from 'int' to 'unsigned char *' of greater size
C:\Users\I508464\source\repos\M5 colisão Rafael Brustolin e Gabriel Hoffmann\M5 colisão Rafael Brustolin e Gabriel Hoffmann\stb_image.cpp(230,19): warning C4312: 'type cast': conversion from 'int' to 'unsigned char *' of greater size
C:\Users\I508464\source\repos\M5 colisão Rafael Brustolin e Gabriel Hoffmann\M5 colisão Rafael Brustolin e Gabriel Hoffmann\stb_image.cpp(270,11): warning C4312: 'type cast': conversion from 'int' to 'float *' of greater size
C:\Users\I508464\source\repos\M5 colisão Rafael Brustolin e Gabriel Hoffmann\M5 colisão Rafael Brustolin e Gabriel Hoffmann\stb_image.cpp(292,19): warning C4312: 'type cast': conversion from 'int' to 'float *' of greater size
C:\Users\I508464\source\repos\M5 colisão Rafael Brustolin e Gabriel Hoffmann\M5 colisão Rafael Brustolin e Gabriel Hoffmann\stb_image.cpp(429,16): warning C4244: 'initializing': conversion from '__int64' to 'int', possible loss of data
C:\Users\I508464\source\repos\M5 colisão Rafael Brustolin e Gabriel Hoffmann\M5 colisão Rafael Brustolin e Gabriel Hoffmann\stb_image.cpp(442,16): warning C4244: 'initializing': conversion from '__int64' to 'int', possible loss of data
C:\Users\I508464\source\repos\M5 colisão Rafael Brustolin e Gabriel Hoffmann\M5 colisão Rafael Brustolin e Gabriel Hoffmann\stb_image.cpp(514,14): warning C4312: 'type cast': conversion from 'int' to 'unsigned char *' of greater size
C:\Users\I508464\source\repos\M5 colisão Rafael Brustolin e Gabriel Hoffmann\M5 colisão Rafael Brustolin e Gabriel Hoffmann\stb_image.cpp(552,45): warning C4312: 'type cast': conversion from 'int' to 'float *' of greater size
C:\Users\I508464\source\repos\M5 colisão Rafael Brustolin e Gabriel Hoffmann\M5 colisão Rafael Brustolin e Gabriel Hoffmann\stb_image.cpp(570,45): warning C4312: 'type cast': conversion from 'int' to 'unsigned char *' of greater size
C:\Users\I508464\source\repos\M5 colisão Rafael Brustolin e Gabriel Hoffmann\M5 colisão Rafael Brustolin e Gabriel Hoffmann\stb_image.cpp(1481,45): warning C4312: 'type cast': conversion from 'int' to 'unsigned char *' of greater size
C:\Users\I508464\source\repos\M5 colisão Rafael Brustolin e Gabriel Hoffmann\M5 colisão Rafael Brustolin e Gabriel Hoffmann\stb_image.cpp(1510,65): warning C4312: 'type cast': conversion from 'int' to 'unsigned char *' of greater size
C:\Users\I508464\source\repos\M5 colisão Rafael Brustolin e Gabriel Hoffmann\M5 colisão Rafael Brustolin e Gabriel Hoffmann\stb_image.cpp(1528,46): warning C4312: 'type cast': conversion from 'int' to 'unsigned char *' of greater size
C:\Users\I508464\source\repos\M5 colisão Rafael Brustolin e Gabriel Hoffmann\M5 colisão Rafael Brustolin e Gabriel Hoffmann\stb_image.cpp(2502,45): warning C4312: 'type cast': conversion from 'int' to 'unsigned char *' of greater size
C:\Users\I508464\source\repos\M5 colisão Rafael Brustolin e Gabriel Hoffmann\M5 colisão Rafael Brustolin e Gabriel Hoffmann\stb_image.cpp(2627,49): warning C4312: 'type cast': conversion from 'int' to 'unsigned char *' of greater size
C:\Users\I508464\source\repos\M5 colisão Rafael Brustolin e Gabriel Hoffmann\M5 colisão Rafael Brustolin e Gabriel Hoffmann\stb_image.cpp(2633,66): warning C4312: 'type cast': conversion from 'int' to 'unsigned char *' of greater size
C:\Users\I508464\source\repos\M5 colisão Rafael Brustolin e Gabriel Hoffmann\M5 colisão Rafael Brustolin e Gabriel Hoffmann\stb_image.cpp(2641,32): warning C4312: 'type cast': conversion from 'int' to 'unsigned char *' of greater size
C:\Users\I508464\source\repos\M5 colisão Rafael Brustolin e Gabriel Hoffmann\M5 colisão Rafael Brustolin e Gabriel Hoffmann\stb_image.cpp(2643,25): warning C4312: 'type cast': conversion from 'int' to 'unsigned char *' of greater size
C:\Users\I508464\source\repos\M5 colisão Rafael Brustolin e Gabriel Hoffmann\M5 colisão Rafael Brustolin e Gabriel Hoffmann\stb_image.cpp(2651,50): warning C4312: 'type cast': conversion from 'int' to 'unsigned char *' of greater size
C:\Users\I508464\source\repos\M5 colisão Rafael Brustolin e Gabriel Hoffmann\M5 colisão Rafael Brustolin e Gabriel Hoffmann\stb_image.cpp(2685,26): warning C4312: 'type cast': conversion from 'int' to 'unsigned char *' of greater size
C:\Users\I508464\source\repos\M5 colisão Rafael Brustolin e Gabriel Hoffmann\M5 colisão Rafael Brustolin e Gabriel Hoffmann\stb_image.cpp(2688,23): warning C4312: 'type cast': conversion from 'int' to 'unsigned char *' of greater size
C:\Users\I508464\source\repos\M5 colisão Rafael Brustolin e Gabriel Hoffmann\M5 colisão Rafael Brustolin e Gabriel Hoffmann\stb_image.cpp(2709,21): warning C4312: 'type cast': conversion from 'int' to 'unsigned char *' of greater size
C:\Users\I508464\source\repos\M5 colisão Rafael Brustolin e Gabriel Hoffmann\M5 colisão Rafael Brustolin e Gabriel Hoffmann\stb_image.cpp(2712,58): warning C4312: 'type cast': conversion from 'int' to 'unsigned char *' of greater size
C:\Users\I508464\source\repos\M5 colisão Rafael Brustolin e Gabriel Hoffmann\M5 colisão Rafael Brustolin e Gabriel Hoffmann\stb_image.cpp(2723,32): warning C4312: 'type cast': conversion from 'int' to 'unsigned char *' of greater size
C:\Users\I508464\source\repos\M5 colisão Rafael Brustolin e Gabriel Hoffmann\M5 colisão Rafael Brustolin e Gabriel Hoffmann\stb_image.cpp(2761,53): warning C4312: 'type cast': conversion from 'int' to 'unsigned char *' of greater size
C:\Users\I508464\source\repos\M5 colisão Rafael Brustolin e Gabriel Hoffmann\M5 colisão Rafael Brustolin e Gabriel Hoffmann\stb_image.cpp(2959,26): warning C4312: 'type cast': conversion from 'int' to 'unsigned char *' of greater size
C:\Users\I508464\source\repos\M5 colisão Rafael Brustolin e Gabriel Hoffmann\M5 colisão Rafael Brustolin e Gabriel Hoffmann\stb_image.cpp(2970,32): warning C4312: 'type cast': conversion from 'int' to 'unsigned char *' of greater size
C:\Users\I508464\source\repos\M5 colisão Rafael Brustolin e Gabriel Hoffmann\M5 colisão Rafael Brustolin e Gabriel Hoffmann\stb_image.cpp(2974,17): warning C4312: 'type cast': conversion from 'int' to 'unsigned char *' of greater size
C:\Users\I508464\source\repos\M5 colisão Rafael Brustolin e Gabriel Hoffmann\M5 colisão Rafael Brustolin e Gabriel Hoffmann\stb_image.cpp(3151,14): warning C4312: 'type cast': conversion from 'int' to 'unsigned char *' of greater size
C:\Users\I508464\source\repos\M5 colisão Rafael Brustolin e Gabriel Hoffmann\M5 colisão Rafael Brustolin e Gabriel Hoffmann\stb_image.cpp(3155,14): warning C4312: 'type cast': conversion from 'int' to 'unsigned char *' of greater size
C:\Users\I508464\source\repos\M5 colisão Rafael Brustolin e Gabriel Hoffmann\M5 colisão Rafael Brustolin e Gabriel Hoffmann\stb_image.cpp(3163,14): warning C4312: 'type cast': conversion from 'int' to 'unsigned char *' of greater size
C:\Users\I508464\source\repos\M5 colisão Rafael Brustolin e Gabriel Hoffmann\M5 colisão Rafael Brustolin e Gabriel Hoffmann\stb_image.cpp(3171,14): warning C4312: 'type cast': conversion from 'int' to 'unsigned char *' of greater size
C:\Users\I508464\source\repos\M5 colisão Rafael Brustolin e Gabriel Hoffmann\M5 colisão Rafael Brustolin e Gabriel Hoffmann\stb_image.cpp(3184,14): warning C4312: 'type cast': conversion from 'int' to 'unsigned char *' of greater size
C:\Users\I508464\source\repos\M5 colisão Rafael Brustolin e Gabriel Hoffmann\M5 colisão Rafael Brustolin e Gabriel Hoffmann\stb_image.cpp(3201,14): warning C4312: 'type cast': conversion from 'int' to 'unsigned char *' of greater size
C:\Users\I508464\source\repos\M5 colisão Rafael Brustolin e Gabriel Hoffmann\M5 colisão Rafael Brustolin e Gabriel Hoffmann\stb_image.cpp(3205,21): warning C4312: 'type cast': conversion from 'int' to 'unsigned char *' of greater size
C:\Users\I508464\source\repos\M5 colisão Rafael Brustolin e Gabriel Hoffmann\M5 colisão Rafael Brustolin e Gabriel Hoffmann\stb_image.cpp(3348,32): warning C4312: 'type cast': conversion from 'int' to 'unsigned char *' of greater size
C:\Users\I508464\source\repos\M5 colisão Rafael Brustolin e Gabriel Hoffmann\M5 colisão Rafael Brustolin e Gabriel Hoffmann\stb_image.cpp(3376,17): warning C4312: 'type cast': conversion from 'int' to 'unsigned char *' of greater size
C:\Users\I508464\source\repos\M5 colisão Rafael Brustolin e Gabriel Hoffmann\M5 colisão Rafael Brustolin e Gabriel Hoffmann\stb_image.cpp(3387,38): warning C4312: 'type cast': conversion from 'int' to 'unsigned char *' of greater size
C:\Users\I508464\source\repos\M5 colisão Rafael Brustolin e Gabriel Hoffmann\M5 colisão Rafael Brustolin e Gabriel Hoffmann\stb_image.cpp(3388,38): warning C4312: 'type cast': conversion from 'int' to 'unsigned char *' of greater size
C:\Users\I508464\source\repos\M5 colisão Rafael Brustolin e Gabriel Hoffmann\M5 colisão Rafael Brustolin e Gabriel Hoffmann\stb_image.cpp(3402,23): warning C4312: 'type cast': conversion from 'int' to 'unsigned char *' of greater size
C:\Users\I508464\source\repos\M5 colisão Rafael Brustolin e Gabriel Hoffmann\M5 colisão Rafael Brustolin e Gabriel Hoffmann\stb_image.cpp(3421,46): warning C4312: 'type cast': conversion from 'int' to 'unsigned char *' of greater size
C:\Users\I508464\source\repos\M5 colisão Rafael Brustolin e Gabriel Hoffmann\M5 colisão Rafael Brustolin e Gabriel Hoffmann\stb_image.cpp(3439,42): warning C4312: 'type cast': conversion from 'int' to 'unsigned char *' of greater size
C:\Users\I508464\source\repos\M5 colisão Rafael Brustolin e Gabriel Hoffmann\M5 colisão Rafael Brustolin e Gabriel Hoffmann\stb_image.cpp(3450,32): warning C4312: 'type cast': conversion from 'int' to 'unsigned char *' of greater size
C:\Users\I508464\source\repos\M5 colisão Rafael Brustolin e Gabriel Hoffmann\M5 colisão Rafael Brustolin e Gabriel Hoffmann\stb_image.cpp(3459,45): warning C4312: 'type cast': conversion from 'int' to 'unsigned char *' of greater size
C:\Users\I508464\source\repos\M5 colisão Rafael Brustolin e Gabriel Hoffmann\M5 colisão Rafael Brustolin e Gabriel Hoffmann\stb_image.cpp(3486,27): warning C4312: 'type cast': conversion from 'int' to 'unsigned char *' of greater size
C:\Users\I508464\source\repos\M5 colisão Rafael Brustolin e Gabriel Hoffmann\M5 colisão Rafael Brustolin e Gabriel Hoffmann\stb_image.cpp(3487,34): warning C4312: 'type cast': conversion from 'int' to 'unsigned char *' of greater size
C:\Users\I508464\source\repos\M5 colisão Rafael Brustolin e Gabriel Hoffmann\M5 colisão Rafael Brustolin e Gabriel Hoffmann\stb_image.cpp(3701,31): warning C4312: 'type cast': conversion from 'int' to 'unsigned char *' of greater size
C:\Users\I508464\source\repos\M5 colisão Rafael Brustolin e Gabriel Hoffmann\M5 colisão Rafael Brustolin e Gabriel Hoffmann\stb_image.cpp(3705,48): warning C4312: 'type cast': conversion from 'int' to 'unsigned char *' of greater size
C:\Users\I508464\source\repos\M5 colisão Rafael Brustolin e Gabriel Hoffmann\M5 colisão Rafael Brustolin e Gabriel Hoffmann\stb_image.cpp(3710,23): warning C4312: 'type cast': conversion from 'int' to 'unsigned char *' of greater size
C:\Users\I508464\source\repos\M5 colisão Rafael Brustolin e Gabriel Hoffmann\M5 colisão Rafael Brustolin e Gabriel Hoffmann\stb_image.cpp(3721,20): warning C4312: 'type cast': conversion from 'int' to 'unsigned char *' of greater size
C:\Users\I508464\source\repos\M5 colisão Rafael Brustolin e Gabriel Hoffmann\M5 colisão Rafael Brustolin e Gabriel Hoffmann\stb_image.cpp(3750,52): warning C4312: 'type cast': conversion from 'int' to 'unsigned char *' of greater size
C:\Users\I508464\source\repos\M5 colisão Rafael Brustolin e Gabriel Hoffmann\M5 colisão Rafael Brustolin e Gabriel Hoffmann\stb_image.cpp(3757,52): warning C4312: 'type cast': conversion from 'int' to 'unsigned char *' of greater size
C:\Users\I508464\source\repos\M5 colisão Rafael Brustolin e Gabriel Hoffmann\M5 colisão Rafael Brustolin e Gabriel Hoffmann\stb_image.cpp(3774,23): warning C4312: 'type cast': conversion from 'int' to 'unsigned char *' of greater size
C:\Users\I508464\source\repos\M5 colisão Rafael Brustolin e Gabriel Hoffmann\M5 colisão Rafael Brustolin e Gabriel Hoffmann\stb_image.cpp(3804,23): warning C4312: 'type cast': conversion from 'int' to 'unsigned char *' of greater size
C:\Users\I508464\source\repos\M5 colisão Rafael Brustolin e Gabriel Hoffmann\M5 colisão Rafael Brustolin e Gabriel Hoffmann\stb_image.cpp(3837,20): warning C4312: 'type cast': conversion from 'int' to 'unsigned char *' of greater size
C:\Users\I508464\source\repos\M5 colisão Rafael Brustolin e Gabriel Hoffmann\M5 colisão Rafael Brustolin e Gabriel Hoffmann\stb_image.cpp(3949,14): warning C4312: 'type cast': conversion from 'int' to 'float *' of greater size
C:\Users\I508464\source\repos\M5 colisão Rafael Brustolin e Gabriel Hoffmann\M5 colisão Rafael Brustolin e Gabriel Hoffmann\stb_image.cpp(3958,26): warning C4312: 'type cast': conversion from 'int' to 'float *' of greater size
C:\Users\I508464\source\repos\M5 colisão Rafael Brustolin e Gabriel Hoffmann\M5 colisão Rafael Brustolin e Gabriel Hoffmann\stb_image.cpp(3963,42): warning C4312: 'type cast': conversion from 'int' to 'float *' of greater size
C:\Users\I508464\source\repos\M5 colisão Rafael Brustolin e Gabriel Hoffmann\M5 colisão Rafael Brustolin e Gabriel Hoffmann\stb_image.cpp(3967,42): warning C4312: 'type cast': conversion from 'int' to 'float *' of greater size
C:\Users\I508464\source\repos\M5 colisão Rafael Brustolin e Gabriel Hoffmann\M5 colisão Rafael Brustolin e Gabriel Hoffmann\stb_image.cpp(4016,69): warning C4312: 'type cast': conversion from 'int' to 'float *' of greater size
