  Source.cpp
C:\Users\I508464\Documents\GitHub\AtividadesPG\M2 vivencial Rafael Brustolin e Gabriel Hoffmann\M2 vivencial Rafael Brustolin e Gabriel Hoffmann\Source.cpp(59,27): warning C4244: 'argument': conversion from 'double' to '_Ty', possible loss of data
          with
          [
              _Ty=GLfloat
          ]
C:\Users\I508464\Documents\GitHub\AtividadesPG\M2 vivencial Rafael Brustolin e Gabriel Hoffmann\M2 vivencial Rafael Brustolin e Gabriel Hoffmann\Source.cpp(60,27): warning C4244: 'argument': conversion from 'double' to '_Ty', possible loss of data
          with
          [
              _Ty=GLfloat
          ]
C:\Users\I508464\Documents\GitHub\AtividadesPG\M2 vivencial Rafael Brustolin e Gabriel Hoffmann\M2 vivencial Rafael Brustolin e Gabriel Hoffmann\Source.cpp(69,27): warning C4244: 'argument': conversion from 'double' to '_Ty', possible loss of data
          with
          [
              _Ty=GLfloat
          ]
C:\Users\I508464\Documents\GitHub\AtividadesPG\M2 vivencial Rafael Brustolin e Gabriel Hoffmann\M2 vivencial Rafael Brustolin e Gabriel Hoffmann\Source.cpp(70,27): warning C4244: 'argument': conversion from 'double' to '_Ty', possible loss of data
          with
          [
              _Ty=GLfloat
          ]
C:\Users\I508464\Documents\GitHub\AtividadesPG\M2 vivencial Rafael Brustolin e Gabriel Hoffmann\M2 vivencial Rafael Brustolin e Gabriel Hoffmann\Source.cpp(201,57): warning C4267: 'argument': conversion from 'size_t' to 'GLsizei', possible loss of data
  M2 vivencial Rafael Brustolin e Gabriel Hoffmann.vcxproj -> C:\Users\I508464\Documents\GitHub\AtividadesPG\M2 vivencial Rafael Brustolin e Gabriel Hoffmann\x64\Debug\M2 vivencial Rafael Brustolin e Gabriel Hoffmann.exe
